<?xml version="1.0" encoding="UTF-8"?>
<!-- Generated by org.testng.reporters.JUnitReportReporter -->
<testsuite hostname="DESKTOP-DURSOOV" name="scripts.Invalidlogin" tests="1" failures="0" timestamp="5 Jun 2019 04:15:51 GMT" time="26.655" errors="0">
  <testcase name="testInvalidlogin" time="26.655" classname="scripts.Invalidlogin"/>
</testsuite> <!-- scripts.Invalidlogin -->
